<?xml version="1.0" encoding="UTF-8"?>
<!-- Generated by org.testng.reporters.JUnitXMLReporter -->
<testsuite ignored="0" hostname="Bartek_Komputer" failures="1" tests="1" name="Test" time="9.348" errors="0" timestamp="05 sie 2019 12:21:33 GMT">
  <testcase classname="testing.LoginExample" name="login" time="0.015">
    <failure type="org.testng.internal.reflect.MethodMatcherException" message="
Data provider mismatch
Method: login([Parameter{index=0, type=java.lang.String, declaredAnnotations=[]}, Parameter{index=1, type=java.lang.String, declaredAnnotations=[]}])
Arguments: [(java.lang.String)login213,(java.lang.String)pass123,null]">
      <![CDATA[org.testng.internal.reflect.MethodMatcherException: 
Data provider mismatch
Method: login([Parameter{index=0, type=java.lang.String, declaredAnnotations=[]}, Parameter{index=1, type=java.lang.String, declaredAnnotations=[]}])
Arguments: [(java.lang.String)login213,(java.lang.String)pass123,null]
... Removed 20 stack frames]]>
    </failure>
  </testcase> <!-- login -->
</testsuite> <!-- Test -->
