<?xml version="1.0" encoding="UTF-8"?>
<testng-results ignored="0" total="8" passed="7" failed="1" skipped="0">
  <reporter-output>
  </reporter-output>
  <suite started-at="2019-08-05T14:22:32Z" name="Suite" finished-at="2019-08-05T14:23:41Z" duration-ms="69372">
    <groups>
    </groups>
    <test started-at="2019-08-05T14:22:32Z" name="Test" finished-at="2019-08-05T14:23:04Z" duration-ms="31819">
      <class name="testing.LoginExample">
        <test-method is-config="true" signature="initBrowser()[pri:0, instance:testing.LoginExample@5e3d57c7]" started-at="2019-08-05T14:22:32Z" name="initBrowser" finished-at="2019-08-05T14:22:41Z" duration-ms="8870" status="PASS">
          <reporter-output>
          </reporter-output>
        </test-method> <!-- initBrowser -->
        <test-method signature="login(java.lang.String, java.lang.String)[pri:0, instance:testing.LoginExample@5e3d57c7]" started-at="2019-08-05T14:22:41Z" name="login" data-provider="getData" finished-at="2019-08-05T14:22:52Z" duration-ms="10980" status="PASS">
          <params>
            <param index="0">
              <value>
                <![CDATA[login213]]>
              </value>
            </param>
            <param index="1">
              <value>
                <![CDATA[pass123]]>
              </value>
            </param>
          </params>
          <reporter-output>
          </reporter-output>
        </test-method> <!-- login -->
        <test-method signature="login(java.lang.String, java.lang.String)[pri:0, instance:testing.LoginExample@5e3d57c7]" started-at="2019-08-05T14:22:52Z" name="login" data-provider="getData" finished-at="2019-08-05T14:23:02Z" duration-ms="10748" status="PASS">
          <params>
            <param index="0">
              <value>
                <![CDATA[admin]]>
              </value>
            </param>
            <param index="1">
              <value>
                <![CDATA[admin]]>
              </value>
            </param>
          </params>
          <reporter-output>
          </reporter-output>
        </test-method> <!-- login -->
        <test-method signature="login(java.lang.String, java.lang.String)[pri:0, instance:testing.LoginExample@5e3d57c7]" started-at="2019-08-05T14:23:02Z" name="login" data-provider="getData" finished-at="2019-08-05T14:23:03Z" duration-ms="1042" status="PASS">
          <params>
            <param index="0">
              <value>
                <![CDATA[tomsmith]]>
              </value>
            </param>
            <param index="1">
              <value>
                <![CDATA[SuperSecretPassword!]]>
              </value>
            </param>
          </params>
          <reporter-output>
          </reporter-output>
        </test-method> <!-- login -->
        <test-method is-config="true" signature="closeBrowser()[pri:0, instance:testing.LoginExample@5e3d57c7]" started-at="2019-08-05T14:23:03Z" name="closeBrowser" finished-at="2019-08-05T14:23:04Z" duration-ms="154" status="PASS">
          <reporter-output>
          </reporter-output>
        </test-method> <!-- closeBrowser -->
      </class> <!-- testing.LoginExample -->
    </test> <!-- Test -->
    <test started-at="2019-08-05T14:23:04Z" name="Test1" finished-at="2019-08-05T14:23:10Z" duration-ms="6897">
      <class name="testing.FramesExample">
        <test-method is-config="true" signature="initBrowser()[pri:0, instance:testing.FramesExample@2141a12]" started-at="2019-08-05T14:23:04Z" name="initBrowser" finished-at="2019-08-05T14:23:10Z" duration-ms="6622" status="PASS">
          <reporter-output>
          </reporter-output>
        </test-method> <!-- initBrowser -->
        <test-method signature="frames()[pri:0, instance:testing.FramesExample@2141a12]" started-at="2019-08-05T14:23:10Z" name="frames" finished-at="2019-08-05T14:23:10Z" duration-ms="132" status="PASS">
          <reporter-output>
          </reporter-output>
        </test-method> <!-- frames -->
        <test-method is-config="true" signature="closeBrowser()[pri:0, instance:testing.FramesExample@2141a12]" started-at="2019-08-05T14:23:10Z" name="closeBrowser" finished-at="2019-08-05T14:23:10Z" duration-ms="143" status="PASS">
          <reporter-output>
          </reporter-output>
        </test-method> <!-- closeBrowser -->
      </class> <!-- testing.FramesExample -->
    </test> <!-- Test1 -->
    <test started-at="2019-08-05T14:23:10Z" name="Test2" finished-at="2019-08-05T14:23:22Z" duration-ms="11817">
      <class name="testing.DynamicControlsExample">
        <test-method is-config="true" signature="initBrowser()[pri:0, instance:testing.DynamicControlsExample@571c5681]" started-at="2019-08-05T14:23:10Z" name="initBrowser" finished-at="2019-08-05T14:23:18Z" duration-ms="7869" status="PASS">
          <reporter-output>
          </reporter-output>
        </test-method> <!-- initBrowser -->
        <test-method signature="dynamicControls()[pri:0, instance:testing.DynamicControlsExample@571c5681]" started-at="2019-08-05T14:23:18Z" name="dynamicControls" finished-at="2019-08-05T14:23:22Z" duration-ms="3820" status="PASS">
          <reporter-output>
          </reporter-output>
        </test-method> <!-- dynamicControls -->
        <test-method is-config="true" signature="closeBrowser()[pri:0, instance:testing.DynamicControlsExample@571c5681]" started-at="2019-08-05T14:23:22Z" name="closeBrowser" finished-at="2019-08-05T14:23:22Z" duration-ms="127" status="PASS">
          <reporter-output>
          </reporter-output>
        </test-method> <!-- closeBrowser -->
      </class> <!-- testing.DynamicControlsExample -->
    </test> <!-- Test2 -->
    <test started-at="2019-08-05T14:23:22Z" name="Test3" finished-at="2019-08-05T14:23:32Z" duration-ms="9842">
      <class name="testing.DissElementsExample">
        <test-method is-config="true" signature="initBrowser()[pri:0, instance:testing.DissElementsExample@7fbdb894]" started-at="2019-08-05T14:23:22Z" name="initBrowser" finished-at="2019-08-05T14:23:30Z" duration-ms="7896" status="PASS">
          <reporter-output>
          </reporter-output>
        </test-method> <!-- initBrowser -->
        <test-method signature="galleryCheck()[pri:0, instance:testing.DissElementsExample@7fbdb894]" started-at="2019-08-05T14:23:30Z" name="galleryCheck" finished-at="2019-08-05T14:23:32Z" duration-ms="1837" status="PASS">
          <reporter-output>
          </reporter-output>
        </test-method> <!-- galleryCheck -->
        <test-method is-config="true" signature="closeBrowser()[pri:0, instance:testing.DissElementsExample@7fbdb894]" started-at="2019-08-05T14:23:32Z" name="closeBrowser" finished-at="2019-08-05T14:23:32Z" duration-ms="107" status="PASS">
          <reporter-output>
          </reporter-output>
        </test-method> <!-- closeBrowser -->
      </class> <!-- testing.DissElementsExample -->
    </test> <!-- Test3 -->
    <test started-at="2019-08-05T14:23:32Z" name="Test4" finished-at="2019-08-05T14:23:41Z" duration-ms="8934">
      <class name="testing.JavaScriptAlertsExample">
        <test-method is-config="true" signature="initBrowser()[pri:0, instance:testing.JavaScriptAlertsExample@7c214cc0]" started-at="2019-08-05T14:23:32Z" name="initBrowser" finished-at="2019-08-05T14:23:41Z" duration-ms="8352" status="PASS">
          <reporter-output>
          </reporter-output>
        </test-method> <!-- initBrowser -->
        <test-method signature="javaScriptAlerts()[pri:0, instance:testing.JavaScriptAlertsExample@7c214cc0]" started-at="2019-08-05T14:23:41Z" name="javaScriptAlerts" finished-at="2019-08-05T14:23:41Z" duration-ms="485" status="PASS">
          <reporter-output>
          </reporter-output>
        </test-method> <!-- javaScriptAlerts -->
        <test-method is-config="true" signature="closeBrowser()[pri:0, instance:testing.JavaScriptAlertsExample@7c214cc0]" started-at="2019-08-05T14:23:41Z" name="closeBrowser" finished-at="2019-08-05T14:23:41Z" duration-ms="96" status="PASS">
          <reporter-output>
          </reporter-output>
        </test-method> <!-- closeBrowser -->
      </class> <!-- testing.JavaScriptAlertsExample -->
    </test> <!-- Test4 -->
  </suite> <!-- Suite -->
  <suite started-at="2019-08-05T14:23:41Z" name="Suite (0)" finished-at="2019-08-05T14:24:10Z" duration-ms="28874">
    <groups>
      <group name="cucumber">
        <method signature="AbstractTestNGCucumberTests.feature(cucumber.api.testng.CucumberFeatureWrapper)[pri:0, instance:cucumberOptions.CucumberTestRunner@38604b81]" name="feature" class="cucumber.api.testng.AbstractTestNGCucumberTests"/>
      </group> <!-- cucumber -->
    </groups>
    <test started-at="2019-08-05T14:23:41Z" name="TestCucumber" finished-at="2019-08-05T14:24:10Z" duration-ms="28874">
      <class name="cucumberOptions.CucumberTestRunner">
        <test-method is-config="true" signature="setUpClass()[pri:0, instance:cucumberOptions.CucumberTestRunner@38604b81]" started-at="2019-08-05T14:23:41Z" name="setUpClass" finished-at="2019-08-05T14:23:41Z" duration-ms="308" status="PASS">
          <reporter-output>
          </reporter-output>
        </test-method> <!-- setUpClass -->
        <test-method signature="feature(cucumber.api.testng.CucumberFeatureWrapper)[pri:0, instance:cucumberOptions.CucumberTestRunner@38604b81]" started-at="2019-08-05T14:23:41Z" name="feature" description="Runs Cucumber Feature" data-provider="features" finished-at="2019-08-05T14:24:10Z" duration-ms="28472" status="FAIL">
          <params>
            <param index="0">
              <value>
                <![CDATA[login into application]]>
              </value>
            </param>
          </params>
          <exception class="cucumber.runtime.CucumberException">
            <message>
              <![CDATA[org.openqa.selenium.NoSuchElementException: no such element: Unable to locate element: {"method":"xpath","selector":"//h2[contains(text(),'Secure Area')]"}
  (Session info: chrome=75.0.3770.142)
For documentation on this error, please visit: https://www.seleniumhq.org/exceptions/no_such_element.html
Build info: version: '3.141.59', revision: 'e82be7d358', time: '2018-11-14T08:17:03'
System info: host: 'BARTEK_KOMPUTER', ip: '192.168.0.28', os.name: 'Windows 10', os.arch: 'amd64', os.version: '10.0', java.version: '12.0.1'
Driver info: org.openqa.selenium.chrome.ChromeDriver
Capabilities {acceptInsecureCerts: false, browserName: chrome, browserVersion: 75.0.3770.142, chrome: {chromedriverVersion: 75.0.3770.140 (2d9f97485c7b..., userDataDir: C:\Users\Bartek\AppData\Loc...}, goog:chromeOptions: {debuggerAddress: localhost:57120}, javascriptEnabled: true, networkConnectionEnabled: false, pageLoadStrategy: normal, platform: XP, platformName: XP, proxy: Proxy(), setWindowRect: true, strictFileInteractability: false, timeouts: {implicit: 0, pageLoad: 300000, script: 30000}, unhandledPromptBehavior: dismiss and notify}
Session ID: d8d21395f7f0c9997e4b1fa55ea2bfd0
*** Element info: {Using=xpath, value=//h2[contains(text(),'Secure Area')]}]]>
            </message>
            <full-stacktrace>
              <![CDATA[cucumber.runtime.CucumberException: org.openqa.selenium.NoSuchElementException: no such element: Unable to locate element: {"method":"xpath","selector":"//h2[contains(text(),'Secure Area')]"}
  (Session info: chrome=75.0.3770.142)
For documentation on this error, please visit: https://www.seleniumhq.org/exceptions/no_such_element.html
Build info: version: '3.141.59', revision: 'e82be7d358', time: '2018-11-14T08:17:03'
System info: host: 'BARTEK_KOMPUTER', ip: '192.168.0.28', os.name: 'Windows 10', os.arch: 'amd64', os.version: '10.0', java.version: '12.0.1'
Driver info: org.openqa.selenium.chrome.ChromeDriver
Capabilities {acceptInsecureCerts: false, browserName: chrome, browserVersion: 75.0.3770.142, chrome: {chromedriverVersion: 75.0.3770.140 (2d9f97485c7b..., userDataDir: C:\Users\Bartek\AppData\Loc...}, goog:chromeOptions: {debuggerAddress: localhost:57120}, javascriptEnabled: true, networkConnectionEnabled: false, pageLoadStrategy: normal, platform: XP, platformName: XP, proxy: Proxy(), setWindowRect: true, strictFileInteractability: false, timeouts: {implicit: 0, pageLoad: 300000, script: 30000}, unhandledPromptBehavior: dismiss and notify}
Session ID: d8d21395f7f0c9997e4b1fa55ea2bfd0
*** Element info: {Using=xpath, value=//h2[contains(text(),'Secure Area')]}
at cucumber.api.testng.TestNGCucumberRunner.runCucumber(TestNGCucumberRunner.java:69)
at cucumber.api.testng.AbstractTestNGCucumberTests.feature(AbstractTestNGCucumberTests.java:21)
at java.base/jdk.internal.reflect.NativeMethodAccessorImpl.invoke0(Native Method)
at java.base/jdk.internal.reflect.NativeMethodAccessorImpl.invoke(NativeMethodAccessorImpl.java:62)
at java.base/jdk.internal.reflect.DelegatingMethodAccessorImpl.invoke(DelegatingMethodAccessorImpl.java:43)
at java.base/java.lang.reflect.Method.invoke(Method.java:567)
at org.testng.internal.MethodInvocationHelper.invokeMethod(MethodInvocationHelper.java:124)
at org.testng.internal.Invoker.invokeMethod(Invoker.java:583)
at org.testng.internal.Invoker.invokeTestMethod(Invoker.java:719)
at org.testng.internal.Invoker.invokeTestMethods(Invoker.java:989)
at org.testng.internal.TestMethodWorker.invokeTestMethods(TestMethodWorker.java:125)
at org.testng.internal.TestMethodWorker.run(TestMethodWorker.java:109)
at org.testng.TestRunner.privateRun(TestRunner.java:648)
at org.testng.TestRunner.run(TestRunner.java:505)
at org.testng.SuiteRunner.runTest(SuiteRunner.java:455)
at org.testng.SuiteRunner.runSequentially(SuiteRunner.java:450)
at org.testng.SuiteRunner.privateRun(SuiteRunner.java:415)
at org.testng.SuiteRunner.run(SuiteRunner.java:364)
at org.testng.SuiteRunnerWorker.runSuite(SuiteRunnerWorker.java:52)
at org.testng.SuiteRunnerWorker.run(SuiteRunnerWorker.java:84)
at org.testng.TestNG.runSuitesSequentially(TestNG.java:1208)
at org.testng.TestNG.runSuitesLocally(TestNG.java:1137)
at org.testng.TestNG.runSuites(TestNG.java:1049)
at org.testng.TestNG.run(TestNG.java:1017)
at org.apache.maven.surefire.testng.TestNGExecutor.run(TestNGExecutor.java:283)
at org.apache.maven.surefire.testng.TestNGXmlTestSuite.execute(TestNGXmlTestSuite.java:75)
at org.apache.maven.surefire.testng.TestNGProvider.invoke(TestNGProvider.java:120)
at org.apache.maven.surefire.booter.ForkedBooter.invokeProviderInSameClassLoader(ForkedBooter.java:386)
at org.apache.maven.surefire.booter.ForkedBooter.runSuitesInProcess(ForkedBooter.java:323)
at org.apache.maven.surefire.booter.ForkedBooter.main(ForkedBooter.java:143)
Caused by: org.openqa.selenium.NoSuchElementException: no such element: Unable to locate element: {"method":"xpath","selector":"//h2[contains(text(),'Secure Area')]"}
  (Session info: chrome=75.0.3770.142)
For documentation on this error, please visit: https://www.seleniumhq.org/exceptions/no_such_element.html
Build info: version: '3.141.59', revision: 'e82be7d358', time: '2018-11-14T08:17:03'
System info: host: 'BARTEK_KOMPUTER', ip: '192.168.0.28', os.name: 'Windows 10', os.arch: 'amd64', os.version: '10.0', java.version: '12.0.1'
Driver info: org.openqa.selenium.chrome.ChromeDriver
Capabilities {acceptInsecureCerts: false, browserName: chrome, browserVersion: 75.0.3770.142, chrome: {chromedriverVersion: 75.0.3770.140 (2d9f97485c7b..., userDataDir: C:\Users\Bartek\AppData\Loc...}, goog:chromeOptions: {debuggerAddress: localhost:57120}, javascriptEnabled: true, networkConnectionEnabled: false, pageLoadStrategy: normal, platform: XP, platformName: XP, proxy: Proxy(), setWindowRect: true, strictFileInteractability: false, timeouts: {implicit: 0, pageLoad: 300000, script: 30000}, unhandledPromptBehavior: dismiss and notify}
Session ID: d8d21395f7f0c9997e4b1fa55ea2bfd0
*** Element info: {Using=xpath, value=//h2[contains(text(),'Secure Area')]}
at java.base/jdk.internal.reflect.NativeConstructorAccessorImpl.newInstance0(Native Method)
at java.base/jdk.internal.reflect.NativeConstructorAccessorImpl.newInstance(NativeConstructorAccessorImpl.java:62)
at java.base/jdk.internal.reflect.DelegatingConstructorAccessorImpl.newInstance(DelegatingConstructorAccessorImpl.java:45)
at java.base/java.lang.reflect.Constructor.newInstanceWithCaller(Constructor.java:500)
at java.base/java.lang.reflect.Constructor.newInstance(Constructor.java:481)
at org.openqa.selenium.remote.http.W3CHttpResponseCodec.createException(W3CHttpResponseCodec.java:187)
at org.openqa.selenium.remote.http.W3CHttpResponseCodec.decode(W3CHttpResponseCodec.java:122)
at org.openqa.selenium.remote.http.W3CHttpResponseCodec.decode(W3CHttpResponseCodec.java:49)
at org.openqa.selenium.remote.HttpCommandExecutor.execute(HttpCommandExecutor.java:158)
at org.openqa.selenium.remote.service.DriverCommandExecutor.execute(DriverCommandExecutor.java:83)
at org.openqa.selenium.remote.RemoteWebDriver.execute(RemoteWebDriver.java:552)
at org.openqa.selenium.remote.RemoteWebDriver.findElement(RemoteWebDriver.java:323)
at org.openqa.selenium.remote.RemoteWebDriver.findElementByXPath(RemoteWebDriver.java:428)
at org.openqa.selenium.By$ByXPath.findElement(By.java:353)
at org.openqa.selenium.remote.RemoteWebDriver.findElement(RemoteWebDriver.java:315)
at objects.LoginPage.logged(LoginPage.java:39)
at stepDefinitions.StepDefinition.verify_login_of_user(StepDefinition.java:42)
at âœ½.Then Verify login of user(login.feature:8)
]]>
            </full-stacktrace>
          </exception> <!-- cucumber.runtime.CucumberException -->
          <reporter-output>
          </reporter-output>
        </test-method> <!-- feature -->
        <test-method is-config="true" signature="tearDownClass()[pri:0, instance:cucumberOptions.CucumberTestRunner@38604b81]" started-at="2019-08-05T14:24:10Z" name="tearDownClass" finished-at="2019-08-05T14:24:10Z" duration-ms="15" status="PASS">
          <reporter-output>
          </reporter-output>
        </test-method> <!-- tearDownClass -->
      </class> <!-- cucumberOptions.CucumberTestRunner -->
    </test> <!-- TestCucumber -->
  </suite> <!-- Suite (0) -->
</testng-results>
